This is pdfTeX, Version 3.14159265-2.6-1.40.20 (MiKTeX 2.9.7250 64-bit) (preloaded format=pdflatex 2020.1.21)  28 JAN 2020 17:02
entering extended mode
**x:/porjekt/sprawozdanie/main.tex
(x:/porjekt/sprawozdanie/main.tex
LaTeX2e <2019-10-01> patch level 3
(C:\Users\draga\scoop\apps\latex\current\texmfs\install\tex/latex/base\article.cls
Document Class: article 2019/10/25 v1.4k Standard LaTeX document class
(C:\Users\draga\scoop\apps\latex\current\texmfs\install\tex/latex/base\size10.clo
File: size10.clo 2019/10/25 v1.4k Standard LaTeX file (size option)
)
\c@part=\count80
\c@section=\count81
\c@subsection=\count82
\c@subsubsection=\count83
\c@paragraph=\count84
\c@subparagraph=\count85
\c@figure=\count86
\c@table=\count87
\abovecaptionskip=\skip41
\belowcaptionskip=\skip42
\bibindent=\dimen102
) (x:\porjekt\sprawozdanie\preamble.tex (C:\Users\draga\scoop\apps\latex\current\texmfs\install\tex/latex/base\inputenc.sty
Package: inputenc 2018/08/11 v1.3c Input encoding file
\inpenc@prehook=\toks14
\inpenc@posthook=\toks15
) (C:\Users\draga\scoop\apps\latex\current\texmfs\install\tex/latex/hyperref\hyperref.sty
Package: hyperref 2019/11/10 v7.00c Hypertext links for LaTeX
 (C:\Users\draga\scoop\apps\latex\current\texmfs\install\tex/generic/oberdiek\ltxcmds.sty
Package: ltxcmds 2016/05/16 v1.23 LaTeX kernel commands for general use (HO)
) (C:\Users\draga\scoop\apps\latex\current\texmfs\install\tex/generic/iftex\iftex.sty
Package: iftex 2019/11/07 v1.0c TeX engine tests
) (C:\Users\draga\scoop\apps\latex\current\texmfs\install\tex/latex/pdftexcmds\pdftexcmds.sty
Package: pdftexcmds 2019/11/24 v0.31 Utility functions of pdfTeX for LuaTeX (HO)
 (C:\Users\draga\scoop\apps\latex\current\texmfs\install\tex/generic/oberdiek\infwarerr.sty
Package: infwarerr 2016/05/16 v1.4 Providing info/warning/error messages (HO)
)
Package pdftexcmds Info: \pdf@primitive is available.
Package pdftexcmds Info: \pdf@ifprimitive is available.
Package pdftexcmds Info: \pdfdraftmode found.
) (C:\Users\draga\scoop\apps\latex\current\texmfs\install\tex/latex/graphics\keyval.sty
Package: keyval 2014/10/28 v1.15 key=value parser (DPC)
\KV@toks@=\toks16
) (C:\Users\draga\scoop\apps\latex\current\texmfs\install\tex/generic/oberdiek\kvsetkeys.sty
Package: kvsetkeys 2016/05/16 v1.17 Key value parser (HO)
 (C:\Users\draga\scoop\apps\latex\current\texmfs\install\tex/generic/oberdiek\etexcmds.sty
Package: etexcmds 2016/05/16 v1.6 Avoid name clashes with e-TeX commands (HO)
 (C:\Users\draga\scoop\apps\latex\current\texmfs\install\tex/generic/iftex\ifluatex.sty
Package: ifluatex 2019/10/25 v1.5 ifluatex legacy package. Use iftex instead.
))) (C:\Users\draga\scoop\apps\latex\current\texmfs\install\tex/generic/oberdiek\kvdefinekeys.sty
Package: kvdefinekeys 2016/05/16 v1.4 Define keys (HO)
) (C:\Users\draga\scoop\apps\latex\current\texmfs\install\tex/generic/oberdiek\pdfescape.sty
Package: pdfescape 2016/05/16 v1.14 Implements pdfTeX's escape features (HO)
) (C:\Users\draga\scoop\apps\latex\current\texmfs\install\tex/latex/oberdiek\hycolor.sty
Package: hycolor 2016/05/16 v1.8 Color options for hyperref/bookmark (HO)
 (C:\Users\draga\scoop\apps\latex\current\texmfs\install\tex/latex/oberdiek\xcolor-patch.sty
Package: xcolor-patch 2016/05/16 xcolor patch
 (C:\Users\draga\scoop\apps\latex\current\texmfs\install\tex/latex/oberdiek\hopatch.sty
Package: hopatch 2016/05/16 v1.3 Wrapper for package hooks (HO)
))) (C:\Users\draga\scoop\apps\latex\current\texmfs\install\tex/latex/oberdiek\letltxmacro.sty
Package: letltxmacro 2016/05/16 v1.5 Let assignment for LaTeX macros (HO)
) (C:\Users\draga\scoop\apps\latex\current\texmfs\install\tex/latex/oberdiek\auxhook.sty
Package: auxhook 2016/05/16 v1.4 Hooks for auxiliary files (HO)
) (C:\Users\draga\scoop\apps\latex\current\texmfs\install\tex/latex/oberdiek\kvoptions.sty
Package: kvoptions 2016/05/16 v3.12 Key value format for package options (HO)
)
\@linkdim=\dimen103
\Hy@linkcounter=\count88
\Hy@pagecounter=\count89
 (C:\Users\draga\scoop\apps\latex\current\texmfs\install\tex/latex/hyperref\pd1enc.def
File: pd1enc.def 2019/11/10 v7.00c Hyperref: PDFDocEncoding definition (HO)
Now handling font encoding PD1 ...
... no UTF-8 mapping file for font encoding PD1
) (C:\Users\draga\scoop\apps\latex\current\texmfs\install\tex/generic/oberdiek\intcalc.sty
Package: intcalc 2016/05/16 v1.2 Expandable calculations with integers (HO)
)
\Hy@SavedSpaceFactor=\count90
 (C:\Users\draga\scoop\apps\latex\current\texmfs\install\tex/latex/00miktex\hyperref.cfg
File: hyperref.cfg 2002/06/06 v1.2 hyperref configuration of TeXLive
)
Package hyperref Info: Hyper figures OFF on input line 4535.
Package hyperref Info: Link nesting OFF on input line 4540.
Package hyperref Info: Hyper index ON on input line 4543.
Package hyperref Info: Plain pages OFF on input line 4550.
Package hyperref Info: Backreferencing OFF on input line 4555.
Package hyperref Info: Implicit mode ON; LaTeX internals redefined.
Package hyperref Info: Bookmarks ON on input line 4788.
\c@Hy@tempcnt=\count91
 (C:\Users\draga\scoop\apps\latex\current\texmfs\install\tex/latex/url\url.sty
\Urlmuskip=\muskip10
Package: url 2013/09/16  ver 3.4  Verb mode for urls, etc.
)
LaTeX Info: Redefining \url on input line 5147.
\XeTeXLinkMargin=\dimen104
 (C:\Users\draga\scoop\apps\latex\current\texmfs\install\tex/generic/oberdiek\bitset.sty
Package: bitset 2016/05/16 v1.2 Handle bit-vector datatype (HO)
 (C:\Users\draga\scoop\apps\latex\current\texmfs\install\tex/generic/oberdiek\bigintcalc.sty
Package: bigintcalc 2016/05/16 v1.4 Expandable calculations on big integers (HO)
))
\Fld@menulength=\count92
\Field@Width=\dimen105
\Fld@charsize=\dimen106
Package hyperref Info: Hyper figures OFF on input line 6418.
Package hyperref Info: Link nesting OFF on input line 6423.
Package hyperref Info: Hyper index ON on input line 6426.
Package hyperref Info: backreferencing OFF on input line 6433.
Package hyperref Info: Link coloring OFF on input line 6438.
Package hyperref Info: Link coloring with OCG OFF on input line 6443.
Package hyperref Info: PDF/A mode OFF on input line 6448.
LaTeX Info: Redefining \ref on input line 6488.
LaTeX Info: Redefining \pageref on input line 6492.
 (C:\Users\draga\scoop\apps\latex\current\texmfs\install\tex/generic/oberdiek\atbegshi.sty
Package: atbegshi 2016/06/09 v1.18 At begin shipout hook (HO)
 (C:\Users\draga\scoop\apps\latex\current\texmfs\install\tex/generic/iftex\ifpdf.sty
Package: ifpdf 2019/10/25 v3.4 ifpdf legacy package. Use iftex instead.
))
\Hy@abspage=\count93
\c@Item=\count94
\c@Hfootnote=\count95
)
Package hyperref Info: Driver (autodetected): hpdftex.
 (C:\Users\draga\scoop\apps\latex\current\texmfs\install\tex/latex/hyperref\hpdftex.def
File: hpdftex.def 2019/11/10 v7.00c Hyperref driver for pdfTeX
 (C:\Users\draga\scoop\apps\latex\current\texmfs\install\tex/latex/oberdiek\atveryend.sty
Package: atveryend 2016/05/16 v1.9 Hooks at the very end of document (HO)
Package atveryend Info: \enddocument detected (standard20110627).
)
\Fld@listcount=\count96
\c@bookmark@seq@number=\count97
 (C:\Users\draga\scoop\apps\latex\current\texmfs\install\tex/latex/oberdiek\rerunfilecheck.sty
Package: rerunfilecheck 2016/05/16 v1.8 Rerun checks for auxiliary files (HO)
 (C:\Users\draga\scoop\apps\latex\current\texmfs\install\tex/generic/oberdiek\uniquecounter.sty
Package: uniquecounter 2016/05/16 v1.3 Provide unlimited unique counter (HO)
)
Package uniquecounter Info: New unique counter `rerunfilecheck' on input line 285.
)
\Hy@SectionHShift=\skip43
) (C:\Users\draga\scoop\apps\latex\current\texmfs\install\tex/latex/polski\polski.sty
Package: polski 2017/05/04 v1.3.4 Polish language package

   Inputenc package detected. Catcodes not changed.
   Switching to Polish text encoding and Polish maths fonts.
(C:\Users\draga\scoop\apps\latex\current\texmfs\install\tex/latex/base\ot4enc.def
File: ot4enc.def 2018/08/11 v2.0j Standard LaTeX file
Now handling font encoding OT4 ...
... no UTF-8 mapping file for font encoding OT4
)
LaTeX Font Info:    Trying to load font information for OT4+cmr on input line 360.
 (C:\Users\draga\scoop\apps\latex\current\texmfs\install\tex/latex/polski\ot4cmr.fd
File: ot4cmr.fd 2008/02/24 v1.2.1 Font defs for fonts PL (MW)
)
LaTeX Font Info:    Overwriting math alphabet `\mathbf' in version `normal'
(Font)                  OT1/cmr/bx/n --> OT4/cmr/bx/n on input line 360.
LaTeX Font Info:    Overwriting math alphabet `\mathsf' in version `normal'
(Font)                  OT1/cmss/m/n --> OT4/cmss/m/n on input line 360.
LaTeX Font Info:    Overwriting math alphabet `\mathit' in version `normal'
(Font)                  OT1/cmr/m/it --> OT4/cmr/m/it on input line 360.
LaTeX Font Info:    Overwriting math alphabet `\mathtt' in version `normal'
(Font)                  OT1/cmtt/m/n --> OT4/cmtt/m/n on input line 360.
LaTeX Font Info:    Overwriting math alphabet `\mathsf' in version `bold'
(Font)                  OT1/cmss/bx/n --> OT4/cmss/bx/n on input line 360.
LaTeX Font Info:    Overwriting math alphabet `\mathit' in version `bold'
(Font)                  OT1/cmr/bx/it --> OT4/cmr/bx/it on input line 360.
LaTeX Font Info:    Encoding `OT1' has changed to `OT4' for symbol font
(Font)              `operators' in the math version `normal' on input line 360.
LaTeX Font Info:    Overwriting symbol font `operators' in version `normal'
(Font)                  OT1/cmr/m/n --> OT4/cmr/m/n on input line 360.
LaTeX Font Info:    Overwriting symbol font `letters' in version `normal'
(Font)                  OML/cmm/m/it --> OML/plm/m/it on input line 360.
LaTeX Font Info:    Overwriting symbol font `symbols' in version `normal'
(Font)                  OMS/cmsy/m/n --> OMS/plsy/m/n on input line 360.
LaTeX Font Info:    Overwriting symbol font `largesymbols' in version `normal'
(Font)                  OMX/cmex/m/n --> OMX/plex/m/n on input line 360.
LaTeX Font Info:    Encoding `OT1' has changed to `OT4' for symbol font
(Font)              `operators' in the math version `bold' on input line 360.
LaTeX Font Info:    Overwriting symbol font `operators' in version `bold'
(Font)                  OT1/cmr/bx/n --> OT4/cmr/bx/n on input line 360.
LaTeX Font Info:    Overwriting symbol font `letters' in version `bold'
(Font)                  OML/cmm/b/it --> OML/plm/b/it on input line 360.
LaTeX Font Info:    Overwriting symbol font `symbols' in version `bold'
(Font)                  OMS/cmsy/b/n --> OMS/plsy/b/n on input line 360.
) (C:\Users\draga\scoop\apps\latex\current\texmfs\install\tex/latex/graphics\graphicx.sty
Package: graphicx 2017/06/01 v1.1a Enhanced LaTeX Graphics (DPC,SPQR)
 (C:\Users\draga\scoop\apps\latex\current\texmfs\install\tex/latex/graphics\graphics.sty
Package: graphics 2019/11/01 v1.3d Standard LaTeX Graphics (DPC,SPQR)
 (C:\Users\draga\scoop\apps\latex\current\texmfs\install\tex/latex/graphics\trig.sty
Package: trig 2016/01/03 v1.10 sin cos tan (DPC)
) (C:\Users\draga\scoop\apps\latex\current\texmfs\install\tex/latex/graphics-cfg\graphics.cfg
File: graphics.cfg 2016/06/04 v1.11 sample graphics configuration
)
Package graphics Info: Driver file: pdftex.def on input line 105.
 (C:\Users\draga\scoop\apps\latex\current\texmfs\install\tex/latex/graphics-def\pdftex.def
File: pdftex.def 2018/01/08 v1.0l Graphics/color driver for pdftex
))
\Gin@req@height=\dimen107
\Gin@req@width=\dimen108
) (C:\Users\draga\scoop\apps\latex\current\texmfs\install\tex/latex/listings\listings.sty
\lst@mode=\count98
\lst@gtempboxa=\box27
\lst@token=\toks17
\lst@length=\count99
\lst@currlwidth=\dimen109
\lst@column=\count100
\lst@pos=\count101
\lst@lostspace=\dimen110
\lst@width=\dimen111
\lst@newlines=\count102
\lst@lineno=\count103
\lst@maxwidth=\dimen112
 (C:\Users\draga\scoop\apps\latex\current\texmfs\install\tex/latex/listings\lstmisc.sty
File: lstmisc.sty 2019/09/10 1.8c (Carsten Heinz)
\c@lstnumber=\count104
\lst@skipnumbers=\count105
\lst@framebox=\box28
) (C:\Users\draga\scoop\apps\latex\current\texmfs\install\tex/latex/listings\listings.cfg
File: listings.cfg 2019/09/10 1.8c listings configuration
))
Package: listings 2019/09/10 1.8c (Carsten Heinz)
 (C:\Users\draga\scoop\apps\latex\current\texmfs\install\tex/latex/algorithms\algorithm.sty
Package: algorithm 2009/08/24 v0.1 Document Style `algorithm' - floating environment
 (C:\Users\draga\scoop\apps\latex\current\texmfs\install\tex/latex/float\float.sty
Package: float 2001/11/08 v1.3d Float enhancements (AL)
\c@float@type=\count106
\float@exts=\toks18
\float@box=\box29
\@float@everytoks=\toks19
\@floatcapt=\box30
) (C:\Users\draga\scoop\apps\latex\current\texmfs\install\tex/latex/base\ifthen.sty
Package: ifthen 2014/09/29 v1.1c Standard LaTeX ifthen package (DPC)
)
\@float@every@algorithm=\toks20
\c@algorithm=\count107
) (C:\Users\draga\scoop\apps\latex\current\texmfs\install\tex/latex/algorithms\algorithmic.sty
Package: algorithmic 2009/08/24 v0.1 Document Style `algorithmic'
\c@ALC@unique=\count108
\c@ALC@line=\count109
\c@ALC@rem=\count110
\c@ALC@depth=\count111
\ALC@tlm=\skip44
\algorithmicindent=\skip45
) (C:\Users\draga\scoop\apps\latex\current\texmfs\install\tex/latex/amsfonts\amssymb.sty
Package: amssymb 2013/01/14 v3.01 AMS font symbols
 (C:\Users\draga\scoop\apps\latex\current\texmfs\install\tex/latex/amsfonts\amsfonts.sty
Package: amsfonts 2013/01/14 v3.01 Basic AMSFonts support
\@emptytoks=\toks21
\symAMSa=\mathgroup4
\symAMSb=\mathgroup5
LaTeX Font Info:    Redeclaring math symbol \hbar on input line 98.
LaTeX Font Info:    Overwriting math alphabet `\mathfrak' in version `bold'
(Font)                  U/euf/m/n --> U/euf/b/n on input line 106.
)) (C:\Users\draga\scoop\apps\latex\current\texmfs\install\tex/latex/tools\multicol.sty
Package: multicol 2019/03/01 v1.8w multicolumn formatting (FMi)
\c@tracingmulticols=\count112
\mult@box=\box31
\multicol@leftmargin=\dimen113
\c@unbalance=\count113
\c@collectmore=\count114
\doublecol@number=\count115
\multicoltolerance=\count116
\multicolpretolerance=\count117
\full@width=\dimen114
\page@free=\dimen115
\premulticols=\dimen116
\postmulticols=\dimen117
\multicolsep=\skip46
\multicolbaselineskip=\skip47
\partial@page=\box32
\last@line=\box33
\maxbalancingoverflow=\dimen118
\mult@rightbox=\box34
\mult@grightbox=\box35
\mult@gfirstbox=\box36
\mult@firstbox=\box37
\@tempa=\box38
\@tempa=\box39
\@tempa=\box40
\@tempa=\box41
\@tempa=\box42
\@tempa=\box43
\@tempa=\box44
\@tempa=\box45
\@tempa=\box46
\@tempa=\box47
\@tempa=\box48
\@tempa=\box49
\@tempa=\box50
\@tempa=\box51
\@tempa=\box52
\@tempa=\box53
\@tempa=\box54
\c@minrows=\count118
\c@columnbadness=\count119
\c@finalcolumnbadness=\count120
\last@try=\dimen119
\multicolovershoot=\dimen120
\multicolundershoot=\dimen121
\mult@nat@firstbox=\box55
\colbreak@box=\box56
\mc@col@check@num=\count121
) (C:\Users\draga\scoop\apps\latex\current\texmfs\install\tex/latex/fancyvrb\fancyvrb.sty
Package: fancyvrb 2020/01/13 v3.5 verbatim text (tvz,hv)
\FV@CodeLineNo=\count122
\FV@InFile=\read1
\FV@TabBox=\box57
\c@FancyVerbLine=\count123
\FV@StepNumber=\count124
\FV@OutFile=\write3
) (C:\Users\draga\scoop\apps\latex\current\texmfs\install\tex/latex/graphics\color.sty
Package: color 2016/07/10 v1.1e Standard LaTeX Color (DPC)
 (C:\Users\draga\scoop\apps\latex\current\texmfs\install\tex/latex/graphics-cfg\color.cfg
File: color.cfg 2016/01/02 v1.6 sample color configuration
)
Package color Info: Driver file: pdftex.def on input line 147.
) (C:\Users\draga\scoop\apps\latex\current\texmfs\install\tex/latex/listings\lstlang1.sty
File: lstlang1.sty 2019/09/10 1.8c listings language file
) (C:\Users\draga\scoop\apps\latex\current\texmfs\install\tex/latex/listings\lstmisc.sty
File: lstmisc.sty 2019/09/10 1.8c (Carsten Heinz)
)) (x:\porjekt\sprawozdanie\main.aux)
\openout1 = `main.aux'.

LaTeX Font Info:    Checking defaults for OML/cmm/m/it on input line 5.
LaTeX Font Info:    ... okay on input line 5.
LaTeX Font Info:    Checking defaults for T1/cmr/m/n on input line 5.
LaTeX Font Info:    ... okay on input line 5.
LaTeX Font Info:    Checking defaults for OT1/cmr/m/n on input line 5.
LaTeX Font Info:    ... okay on input line 5.
LaTeX Font Info:    Checking defaults for OMS/cmsy/m/n on input line 5.
LaTeX Font Info:    ... okay on input line 5.
LaTeX Font Info:    Checking defaults for OMX/cmex/m/n on input line 5.
LaTeX Font Info:    ... okay on input line 5.
LaTeX Font Info:    Checking defaults for U/cmr/m/n on input line 5.
LaTeX Font Info:    ... okay on input line 5.
LaTeX Font Info:    Checking defaults for PD1/pdf/m/n on input line 5.
LaTeX Font Info:    ... okay on input line 5.
LaTeX Font Info:    Checking defaults for OT4/cmr/m/n on input line 5.
LaTeX Font Info:    ... okay on input line 5.
\AtBeginShipoutBox=\box58
Package hyperref Info: Link coloring OFF on input line 5.
 (C:\Users\draga\scoop\apps\latex\current\texmfs\install\tex/latex/hyperref\nameref.sty
Package: nameref 2019/09/16 v2.46 Cross-referencing by name of section
 (C:\Users\draga\scoop\apps\latex\current\texmfs\install\tex/latex/oberdiek\refcount.sty
Package: refcount 2016/05/16 v3.5 Data extraction from label references (HO)
) (C:\Users\draga\scoop\apps\latex\current\texmfs\install\tex/generic/oberdiek\gettitlestring.sty
Package: gettitlestring 2016/05/16 v1.5 Cleanup title references (HO)
)
\c@section@level=\count125
)
LaTeX Info: Redefining \ref on input line 5.
LaTeX Info: Redefining \pageref on input line 5.
LaTeX Info: Redefining \nameref on input line 5.
 (x:\porjekt\sprawozdanie\main.out) (x:\porjekt\sprawozdanie\main.out)
\@outlinefile=\write4
\openout4 = `main.out'.

 (C:\Users\draga\scoop\apps\latex\current\texmfs\install\tex/context/base/mkii\supp-pdf.mkii
[Loading MPS to PDF converter (version 2006.09.02).]
\scratchcounter=\count126
\scratchdimen=\dimen122
\scratchbox=\box59
\nofMPsegments=\count127
\nofMParguments=\count128
\everyMPshowfont=\toks22
\MPscratchCnt=\count129
\MPscratchDim=\dimen123
\MPnumerator=\count130
\makeMPintoPDFobject=\count131
\everyMPtoPDFconversion=\toks23
) (C:\Users\draga\scoop\apps\latex\current\texmfs\install\tex/latex/epstopdf-pkg\epstopdf-base.sty
Package: epstopdf-base 2019/11/24 v2.7 Base part for package epstopdf
 (C:\Users\draga\scoop\apps\latex\current\texmfs\install\tex/latex/oberdiek\grfext.sty
Package: grfext 2016/05/16 v1.2 Manage graphics extensions (HO)
)
Package epstopdf-base Info: Redefining graphics rule for `.eps' on input line 442.
Package grfext Info: Graphics extension search list:
(grfext)             [.pdf,.png,.jpg,.mps,.jpeg,.jbig2,.jb2,.PDF,.PNG,.JPG,.JPEG,.JBIG2,.JB2,.eps]
(grfext)             \AppendGraphicsExtensions on input line 460.
)
\c@lstlisting=\count132
 (x:\porjekt\sprawozdanie\main.toc
LaTeX Font Info:    Trying to load font information for OML+plm on input line 2.
 (C:\Users\draga\scoop\apps\latex\current\texmfs\install\tex/latex/polski\omlplm.fd
File: omlplm.fd 2008/02/24 v1.2.1 Font defs for fonts PL (MW)
)
LaTeX Font Info:    Trying to load font information for OMS+plsy on input line 2.
 (C:\Users\draga\scoop\apps\latex\current\texmfs\install\tex/latex/polski\omsplsy.fd
File: omsplsy.fd 2008/02/24 v1.2.1 Font defs for fonts PL (MW)
)
LaTeX Font Info:    Trying to load font information for OMX+plex on input line 2.
 (C:\Users\draga\scoop\apps\latex\current\texmfs\install\tex/latex/polski\omxplex.fd
File: omxplex.fd 2008/02/24 v1.2.1 Font defs for fonts PL (MW)
)
LaTeX Font Info:    External font `plex10' loaded for size
(Font)              <8> on input line 2.
LaTeX Font Info:    External font `plex10' loaded for size
(Font)              <6> on input line 2.
LaTeX Font Info:    External font `plex10' loaded for size
(Font)              <5> on input line 2.
LaTeX Font Info:    Trying to load font information for U+msa on input line 2.
 (C:\Users\draga\scoop\apps\latex\current\texmfs\install\tex/latex/amsfonts\umsa.fd
File: umsa.fd 2013/01/14 v3.01 AMS symbols A
)
LaTeX Font Info:    Trying to load font information for U+msb on input line 2.
 (C:\Users\draga\scoop\apps\latex\current\texmfs\install\tex/latex/amsfonts\umsb.fd
File: umsb.fd 2013/01/14 v3.01 AMS symbols B
))
\tf@toc=\write5
\openout5 = `main.toc'.

<screens/lvl.png, id=58, 1371.1225pt x 751.80875pt>
File: screens/lvl.png Graphic file (type png)
<use screens/lvl.png>
Package pdftex.def Info: screens/lvl.png  used on input line 53.
(pdftex.def)             Requested size: 311.3346pt x 170.71652pt.
LaTeX Font Info:    Trying to load font information for OMS+cmr on input line 61.
 (C:\Users\draga\scoop\apps\latex\current\texmfs\install\tex/latex/base\omscmr.fd
File: omscmr.fd 2014/09/29 v2.5h Standard LaTeX font definitions
)
LaTeX Font Info:    Font shape `OMS/cmr/m/n' in size <10> not available
(Font)              Font shape `OMS/cmsy/m/n' tried instead on input line 61.
LaTeX Font Info:    Trying to load font information for OT4+cmtt on input line 73.
 (C:\Users\draga\scoop\apps\latex\current\texmfs\install\tex/latex/polski\ot4cmtt.fd
File: ot4cmtt.fd 2008/02/24 v1.2.1 Font defs for fonts PL (MW)
) [1

{C:/Users/draga/scoop/apps/latex/current/texmfs/data/pdftex/config/pdftex.map}] [2pdfTeX warning (ext4): destination with the same identifier (name{figure.1}) has been already used, duplicate ignored

\AtBegShi@Output ...ipout \box \AtBeginShipoutBox 
                                                  \fi \fi 
l.127 \section
              {Spis zastosowanych zasobów} <x:/porjekt/sprawozdanie/screens/lvl.png>]
LaTeX Font Info:    External font `plex10' loaded for size
(Font)              <10> on input line 132.
LaTeX Font Info:    External font `plex10' loaded for size
(Font)              <7> on input line 132.
<../Assets/Textures/mtl_o_s.png, id=84, 385.44pt x 385.44pt>
File: ../Assets/Textures/mtl_o_s.png Graphic file (type png)
<use ../Assets/Textures/mtl_o_s.png>
Package pdftex.def Info: ../Assets/Textures/mtl_o_s.png  used on input line 137.
(pdftex.def)             Requested size: 142.26357pt x 142.26378pt.
Package atveryend Info: Empty hook `BeforeClearDocument' on input line 159.
 [3pdfTeX warning (ext4): destination with the same identifier (name{figure.2}) has been already used, duplicate ignored

\AtBegShi@Output ...ipout \box \AtBeginShipoutBox 
                                                  \fi \fi 
l.159 \end{document}
                     <../Assets/Textures/mtl_o_s.png>]
Package atveryend Info: Empty hook `AfterLastShipout' on input line 159.
 (x:\porjekt\sprawozdanie\main.aux)
Package atveryend Info: Executing hook `AtVeryEndDocument' on input line 159.
Package atveryend Info: Executing hook `AtEndAfterFileList' on input line 159.
Package rerunfilecheck Info: File `main.out' has not changed.
(rerunfilecheck)             Checksum: B011B37F4A0806AF1A6D42381FF80B6F;769.
Package atveryend Info: Empty hook `AtVeryVeryEnd' on input line 159.
 ) 
Here is how much of TeX's memory you used:
 8143 strings out of 492450
 123257 string characters out of 3117217
 402352 words of memory out of 3000000
 12308 multiletter control sequences out of 15000+200000
 16519 words of font info for 50 fonts, out of 3000000 for 9000
 1141 hyphenation exceptions out of 8191
 42i,8n,53p,299b,314s stack positions out of 5000i,500n,10000p,200000b,50000s
{C:/Users/draga/scoop/apps/latex/current/texmfs/install/fonts/enc/dvips/pl/plrm.enc}{C:/Users/draga/scoop/apps/latex/current/texmfs/install/fonts/enc/dvips/pl/pltt.enc}{C:/Users/draga/scoop/apps/latex/current/texmfs/install/fonts/enc/dvips/pl/plsc.enc}<C:/Users/draga/scoop/apps/latex/current/texmfs/install/fonts/type1/public/amsfonts/cm/cmsy10.pfb><C:/Users/draga/scoop/apps/latex/current/texmfs/install/fonts/type1/public/pl/plbx10.pfb><C:/Users/draga/scoop/apps/latex/current/texmfs/install/fonts/type1/public/pl/plbx12.pfb><C:/Users/draga/scoop/apps/latex/current/texmfs/install/fonts/type1/public/pl/plbx8.pfb><C:/Users/draga/scoop/apps/latex/current/texmfs/install/fonts/type1/public/pl/plcsc10.pfb><C:/Users/draga/scoop/apps/latex/current/texmfs/install/fonts/type1/public/pl/plr10.pfb><C:/Users/draga/scoop/apps/latex/current/texmfs/install/fonts/type1/public/pl/plr12.pfb><C:/Users/draga/scoop/apps/latex/current/texmfs/install/fonts/type1/public/pl/plr17.pfb><C:/Users/draga/scoop/apps/latex/current/texmfs/install/fonts/type1/public/pl/plr6.pfb><C:/Users/draga/scoop/apps/latex/current/texmfs/install/fonts/type1/public/pl/plr7.pfb><C:/Users/draga/scoop/apps/latex/current/texmfs/install/fonts/type1/public/pl/plr8.pfb><C:/Users/draga/scoop/apps/latex/current/texmfs/install/fonts/type1/public/pl/pltt10.pfb>
Output written on x:\porjekt\sprawozdanie\main.pdf (3 pages, 737513 bytes).
PDF statistics:
 143 PDF objects out of 1000 (max. 8388607)
 20 named destinations out of 1000 (max. 500000)
 99 words of extra memory for PDF output out of 10000 (max. 10000000)

